0 info it worked if it ends with ok
1 verbose cli [ '/usr/bin/node', '/usr/bin/npm', 'link' ]
2 info using npm@3.5.2
3 info using node@v8.10.0
4 verbose linkPkg /home/artem/backend-project-lvl1
5 silly gentlyRm /usr/local/lib/node_modules/backend-project-lvl1 is being purged
6 verbose gentlyRm don't care about contents; nuking /usr/local/lib/node_modules/backend-project-lvl1
7 verbose stack Error: EACCES: permission denied, symlink '/home/artem/backend-project-lvl1' -> '/usr/local/lib/node_modules/backend-project-lvl1'
8 verbose cwd /home/artem/backend-project-lvl1
9 error Linux 5.0.0-37-generic
10 error argv "/usr/bin/node" "/usr/bin/npm" "link"
11 error node v8.10.0
12 error npm  v3.5.2
13 error path /home/artem/backend-project-lvl1
14 error code EACCES
15 error errno -13
16 error syscall symlink
17 error Error: EACCES: permission denied, symlink '/home/artem/backend-project-lvl1' -> '/usr/local/lib/node_modules/backend-project-lvl1'
17 error  { Error: EACCES: permission denied, symlink '/home/artem/backend-project-lvl1' -> '/usr/local/lib/node_modules/backend-project-lvl1'
17 error   errno: -13,
17 error   code: 'EACCES',
17 error   syscall: 'symlink',
17 error   path: '/home/artem/backend-project-lvl1',
17 error   dest: '/usr/local/lib/node_modules/backend-project-lvl1' }
18 error Please try running this command again as root/Administrator.
19 verbose exit [ -13, true ]
